TN:
SF:src/client/store.ts
FN:25,(anonymous_2)
FN:26,(anonymous_3)
FN:27,(anonymous_4)
FN:28,(anonymous_5)
FN:29,(anonymous_6)
FN:30,(anonymous_7)
FN:31,(anonymous_8)
FN:32,(anonymous_9)
FN:46,createRootReducer
FN:49,(anonymous_11)
FN:49,(anonymous_12)
FN:91,(anonymous_13)
FN:93,(anonymous_14)
FN:95,(anonymous_15)
FN:100,(anonymous_16)
FN:102,(anonymous_17)
FN:104,(anonymous_18)
FN:109,(anonymous_19)
FN:111,(anonymous_20)
FN:119,(anonymous_21)
FN:121,(anonymous_22)
FN:127,(anonymous_23)
FN:139,initStore
FNF:23
FNH:4
FNDA:2,(anonymous_2)
FNDA:0,(anonymous_3)
FNDA:0,(anonymous_4)
FNDA:0,(anonymous_5)
FNDA:2,(anonymous_6)
FNDA:2,(anonymous_7)
FNDA:2,(anonymous_8)
FNDA:0,(anonymous_9)
FNDA:0,createRootReducer
FNDA:0,(anonymous_11)
FNDA:0,(anonymous_12)
FNDA:0,(anonymous_13)
FNDA:0,(anonymous_14)
FNDA:0,(anonymous_15)
FNDA:0,(anonymous_16)
FNDA:0,(anonymous_17)
FNDA:0,(anonymous_18)
FNDA:0,(anonymous_19)
FNDA:0,(anonymous_20)
FNDA:0,(anonymous_21)
FNDA:0,(anonymous_22)
FNDA:0,(anonymous_23)
FNDA:0,initStore
DA:1,3
DA:2,3
DA:3,3
DA:4,3
DA:22,3
DA:25,3
DA:26,3
DA:27,3
DA:28,3
DA:29,3
DA:30,3
DA:31,3
DA:32,3
DA:47,0
DA:49,0
DA:50,0
DA:52,0
DA:53,0
DA:55,0
DA:56,0
DA:58,0
DA:59,0
DA:62,0
DA:64,0
DA:65,0
DA:66,0
DA:69,0
DA:72,0
DA:73,0
DA:75,0
DA:76,0
DA:77,0
DA:79,0
DA:80,0
DA:81,0
DA:85,0
DA:91,3
DA:94,0
DA:95,0
DA:100,3
DA:103,0
DA:104,0
DA:109,3
DA:112,0
DA:113,0
DA:119,3
DA:121,0
DA:122,0
DA:123,0
DA:126,0
DA:127,0
DA:132,3
DA:139,3
DA:140,0
DA:144,0
DA:148,0
DA:150,0
DA:152,0
LF:58
LH:19
BRDA:49,0,0,0
BRDA:50,1,0,0
BRDA:50,1,1,0
BRDA:50,1,2,0
BRDA:50,1,3,0
BRDA:50,1,4,0
BRDA:50,1,5,0
BRDA:64,2,0,0
BRDA:65,3,0,0
BRDA:112,4,0,0
BRDA:122,5,0,0
BRF:11
BRH:0
end_of_record
TN:
SF:src/client/components/CartBadge.tsx
FN:12,(anonymous_1)
FN:13,(anonymous_2)
FNF:2
FNH:2
FNDA:7,(anonymous_1)
FNDA:7,(anonymous_2)
DA:1,4
DA:2,4
DA:3,4
DA:10,4
DA:12,7
DA:13,7
DA:15,7
LF:7
LH:7
BRDA:15,0,0,2
BRDA:15,0,1,5
BRF:2
BRH:2
end_of_record
TN:
SF:src/client/components/Form.tsx
FN:11,getControlClass
FN:17,(anonymous_7)
FN:28,(anonymous_8)
FN:32,(anonymous_9)
FN:36,(anonymous_10)
FN:40,(anonymous_11)
FNF:6
FNH:6
FNDA:51,getControlClass
FNDA:17,(anonymous_7)
FNDA:2,(anonymous_8)
FNDA:3,(anonymous_9)
FNDA:2,(anonymous_10)
FNDA:4,(anonymous_11)
DA:1,2
DA:2,2
DA:5,2
DA:12,51
DA:15,2
DA:17,17
DA:18,17
DA:19,17
DA:20,17
DA:21,17
DA:22,17
DA:24,17
DA:25,17
DA:26,17
DA:28,17
DA:29,2
DA:32,17
DA:33,3
DA:36,17
DA:37,2
DA:40,17
DA:41,4
DA:43,4
DA:44,2
DA:45,2
DA:53,17
LF:26
LH:26
BRDA:12,0,0,6
BRDA:12,0,1,45
BRDA:12,1,0,51
BRDA:12,1,1,33
BRDA:25,2,0,17
BRDA:25,2,1,0
BRDA:43,3,0,2
BRDA:43,4,0,4
BRDA:43,4,1,2
BRDA:43,4,2,2
BRF:10
BRH:9
end_of_record
TN:
SF:src/client/components/Image.tsx
FN:12,(anonymous_1)
FNF:1
FNH:1
FNDA:8,(anonymous_1)
DA:1,4
DA:2,4
DA:8,4
DA:10,4
DA:12,8
DA:13,8
LF:6
LH:6
BRF:0
BRH:0
end_of_record
TN:
SF:src/client/components/ProductDetails.tsx
FN:15,(anonymous_6)
FN:18,(anonymous_7)
FNF:2
FNH:2
FNDA:2,(anonymous_6)
FNDA:1,(anonymous_7)
DA:1,1
DA:2,1
DA:3,1
DA:5,1
DA:6,1
DA:7,1
DA:9,1
DA:15,2
DA:16,2
DA:18,2
DA:19,1
DA:22,2
DA:24,2
LF:13
LH:13
BRDA:22,0,0,2
BRDA:22,0,1,0
BRF:2
BRH:1
end_of_record
TN:
SF:src/client/components/ProductItem.tsx
FN:15,(anonymous_1)
FNF:1
FNH:1
FNDA:3,(anonymous_1)
DA:1,2
DA:2,2
DA:3,2
DA:6,2
DA:7,2
DA:9,2
DA:15,3
DA:16,3
LF:8
LH:8
BRF:0
BRH:0
end_of_record
TN:
SF:src/client/pages/Cart.tsx
FN:13,(anonymous_6)
FN:15,(anonymous_7)
FN:16,(anonymous_8)
FN:18,(anonymous_9)
FN:22,(anonymous_10)
FN:31,(anonymous_11)
FN:44,(anonymous_12)
FNF:7
FNH:7
FNDA:5,(anonymous_6)
FNDA:5,(anonymous_7)
FNDA:5,(anonymous_8)
FNDA:1,(anonymous_9)
FNDA:1,(anonymous_10)
FNDA:6,(anonymous_11)
FNDA:6,(anonymous_12)
DA:1,1
DA:2,1
DA:3,1
DA:4,1
DA:5,1
DA:8,1
DA:9,1
DA:11,1
DA:13,1
DA:14,5
DA:15,5
DA:16,5
DA:18,5
DA:19,1
DA:22,5
DA:23,1
DA:26,5
DA:28,5
DA:30,5
DA:31,6
DA:33,6
DA:44,6
DA:46,3
DA:69,2
DA:76,5
DA:84,5
DA:93,5
DA:95,5
DA:108,5
LF:29
LH:29
BRDA:30,0,0,3
BRDA:30,0,1,2
BRDA:76,1,0,2
BRDA:76,1,1,3
BRDA:84,2,0,2
BRDA:84,2,1,3
BRDA:93,3,0,5
BRDA:93,3,1,0
BRDA:95,4,0,1
BRDA:95,4,1,4
BRDA:95,5,0,5
BRDA:95,5,1,2
BRF:12
BRH:11
end_of_record
TN:
SF:src/client/pages/Catalog.tsx
FN:11,(anonymous_6)
FN:13,(anonymous_7)
FN:15,(anonymous_8)
FN:20,(anonymous_9)
FNF:4
FNH:4
FNDA:2,(anonymous_6)
FNDA:2,(anonymous_7)
FNDA:2,(anonymous_8)
FNDA:2,(anonymous_9)
DA:1,1
DA:2,1
DA:3,1
DA:4,1
DA:6,1
DA:7,1
DA:9,1
DA:11,1
DA:12,2
DA:13,2
DA:15,2
DA:16,2
DA:19,2
DA:20,2
DA:27,2
LF:15
LH:15
BRDA:19,0,0,1
BRDA:19,0,1,1
BRF:2
BRH:2
end_of_record
